build/outputs/mapping/release/seeds.txt
com.truva.xposed.TruvaHookModule
com.truva.Xray
com.truva.ProxyEntity
com.truva.MainActivity
com.truva.MyVpnService
com.truva.AppDatabase_Impl
com.truva.SimProtectionEntity
com.truva.AppEntity
com.truva.AppDatabase
com.truva.RegionProfileEntity
com.truva.sandbox.TruvaDeviceAdmin
com.truva.SettingsEntity
com.truva.sandbox.adb.AdbPairingReceiver
com.truva.MyVpnService: boolean isDisconnecting
com.truva.MyVpnService: kotlinx.coroutines.CoroutineScope serviceScope
com.truva.ProxyEntity: java.lang.String flow
com.truva.SettingsEntity: boolean isVideoOptimizationEnabled
com.truva.SimProtectionEntity: java.lang.String packageName
com.truva.SettingsEntity: boolean isAutoSyncRegion
com.truva.ProxyEntity: java.lang.String path
com.truva.AppEntity: boolean isActive
com.truva.SettingsEntity: boolean isSimMasked
com.truva.AppEntity: boolean isSystemApp
com.truva.SettingsEntity: boolean isLocaleSpoofEnabled
com.truva.SettingsEntity: boolean isUdpDirectBypass
com.truva.SettingsEntity: int $stable
com.truva.ProxyEntity: java.lang.Long latency
com.truva.SettingsEntity: boolean isTimezoneSpoofEnabled
com.truva.RegionProfileEntity: java.lang.String profileId
com.truva.RegionProfileEntity: long lastUsedAt
com.truva.ProxyEntity: java.lang.String region
com.truva.AppEntity: java.lang.String packageName
com.truva.MyVpnService: java.lang.String ACTION_CONNECT
com.truva.xposed.TruvaHookModule: int $stable
com.truva.ProxyEntity: java.lang.String name
com.truva.MyVpnService: com.truva.MyVpnService$Companion Companion
com.truva.SettingsEntity: boolean isSmartRoutingEnabled
com.truva.MyVpnService: kotlinx.coroutines.Job connectJob
com.truva.SettingsEntity: int adbConnectionPort
com.truva.ProxyEntity: java.lang.String ip
com.truva.RegionProfileEntity: boolean isSelected
com.truva.SettingsEntity: boolean isSpoofingEnabled
com.truva.SettingsEntity: boolean isKillSwitchEnabled
com.truva.MyVpnService: int $stable
com.truva.SettingsEntity: boolean isSimSpoofEnabled
com.truva.ProxyEntity: java.lang.String network
com.truva.Xray: java.lang.String lastError
com.truva.ProxyEntity: java.lang.String shortId
com.truva.SettingsEntity: boolean isAntiDetectionEnabled
com.truva.AppEntity: int $stable
com.truva.MyVpnService: int NOTIFICATION_ID
com.truva.SimProtectionEntity: int $stable
com.truva.SettingsEntity: boolean isGpsSpoofEnabled
com.truva.ProxyEntity: int $stable
com.truva.AppEntity: java.lang.String label
com.truva.RegionProfileEntity: java.lang.String displayName
com.truva.Xray: java.lang.String TAG
com.truva.ProxyEntity: boolean isSelected
com.truva.MyVpnService: android.os.ParcelFileDescriptor vpnInterface
com.truva.SettingsEntity: boolean isGamingModeEnabled
com.truva.SettingsEntity: java.lang.String activeRegionProfileId
com.truva.ProxyEntity: java.lang.String uuid
com.truva.ProxyEntity: java.lang.String password
com.truva.SettingsEntity: int id
com.truva.MyVpnService: java.lang.String TAG
com.truva.ProxyEntity: java.lang.String publicKey
com.truva.SimProtectionEntity: int userId
com.truva.Xray: int $stable
com.truva.SimProtectionEntity: boolean isProtected
com.truva.SettingsEntity: java.lang.String routingMode
com.truva.RegionProfileEntity: int $stable
com.truva.ProxyEntity: java.lang.String fingerprint
com.truva.ProxyEntity: java.lang.String security
com.truva.SettingsEntity: long sessionExpiryTime
com.truva.Xray: com.truva.Xray INSTANCE
com.truva.SettingsEntity: boolean isSandboxEnabled
com.truva.ProxyEntity: java.lang.String sni
com.truva.MyVpnService: java.lang.String ACTION_DISCONNECT
com.truva.ProxyEntity: int port
com.truva.SettingsEntity: boolean isDeviceIdSpoofEnabled
com.truva.MyVpnService: java.lang.String CHANNEL_ID
com.truva.ProxyEntity: int id
com.truva.SettingsEntity: boolean component17()
com.truva.SettingsEntity: boolean component11()
com.truva.ProxyEntity: int getId()
com.truva.RegionProfileEntity: java.lang.String toString()
com.truva.sandbox.TruvaDeviceAdmin: TruvaDeviceAdmin()
com.truva.ProxyEntity: java.lang.String component14()
...
com.google.gson.internal.ConstructorConstructor$7: java.lang.Object construct()
androidx.core.app.NotificationCompatBuilder$Api23Impl: android.app.Notification$Builder setSmallIcon(android.app.Notification$Builder,java.lang.Object)
androidx.compose.foundation.MutatePriority: androidx.compose.foundation.MutatePriority[] values()
xray.Xray: byte[] processPacket(byte[])
androidx.core.content.pm.PackageInfoCompat$Api28Impl: android.content.pm.Signature[] getApkContentsSigners(android.content.pm.SigningInfo)
com.google.gson.stream.JsonToken: JsonToken(java.lang.String,int)
com.google.gson.internal.bind.TypeAdapters$23: void write(com.google.gson.stream.JsonWriter,java.net.InetAddress)
androidx.appcompat.widget.ActionBarContextView: int getContentHeight()
com.google.gson.LongSerializationPolicy: com.google.gson.JsonElement serialize(java.lang.Long)
androidx.core.view.WindowInsetsCompat$BuilderImpl20: android.view.WindowInsets createWindowInsetsInstance()
androidx.core.view.accessibility.AccessibilityNodeInfoCompat$Api33Impl: androidx.core.view.accessibility.AccessibilityNodeInfoCompat$CollectionItemInfoCompat buildCollectionItemInfoCompat(boolean,int,int,int,int,boolean,java.lang.String,java.lang.String)
com.google.gson.internal.UnsafeAllocator$3: UnsafeAllocator$3(java.lang.reflect.Method)
com.google.gson.internal.ConstructorConstructor$5: java.lang.Object construct()
com.google.gson.FieldAttributes: java.lang.reflect.Type getDeclaredType()
androidx.core.view.WindowInsetsCompat$BuilderImpl30: WindowInsetsCompat$BuilderImpl30(androidx.core.view.WindowInsetsCompat)
androidx.core.os.LocaleListCompat$Api21Impl: boolean matchesLanguageAndScript(java.util.Locale,java.util.Locale)
com.google.gson.internal.Streams$AppendableWriter$CurrentWrite: void setChars(char[])
androidx.core.view.WindowInsetsCompat$BuilderImpl29: void setMandatorySystemGestureInsets(androidx.core.graphics.Insets)
androidx.lifecycle.ProcessLifecycleOwner$attach$1: ProcessLifecycleOwner$attach$1(androidx.lifecycle.ProcessLifecycleOwner)
androidx.compose.ui.platform.AndroidComposeView: androidx.compose.ui.platform.AccessibilityManager getAccessibilityManager()
com.google.gson.internal.Primitives: boolean isPrimitive(java.lang.reflect.Type)
androidx.core.view.ViewCompat$Api17Impl: int getLayoutDirection(android.view.View)
com.google.gson.internal.bind.TypeAdapters$7: void write(com.google.gson.stream.JsonWriter,java.lang.Number)
androidx.core.view.WindowInsetsCompat$Impl20: void setRootWindowInsets(androidx.core.view.WindowInsetsCompat)
androidx.compose.ui.platform.AndroidComposeView: androidx.compose.ui.draganddrop.DragAndDropManager getDragAndDropManager()
androidx.appcompat.widget.AppCompatTextView: android.graphics.PorterDuff$Mode getSupportCompoundDrawablesTintMode()
androidx.core.view.WindowInsetsCompat$BuilderImpl: void setSystemGestureInsets(androidx.core.graphics.Insets)
androidx.core.app.ActivityCompat$Api16Impl: void startActivityForResult(android.app.Activity,android.content.Intent,int,android.os.Bundle)
androidx.appcompat.widget.Toolbar$Api33Impl: android.window.OnBackInvokedCallback newOnBackInvokedCallback(java.lang.Runnable)
com.google.gson.JsonStreamParser: JsonStreamParser(java.lang.String)
androidx.core.view.WindowCompat$Api30Impl: void setDecorFitsSystemWindows(android.view.Window,boolean)
androidx.core.app.NavUtils$Api16Impl: boolean navigateUpTo(android.app.Activity,android.content.Intent)
com.google.gson.internal.UnsafeAllocator: void assertInstantiable(java.lang.Class)
com.google.gson.Gson$4: java.lang.Object read(com.google.gson.stream.JsonReader)
com.google.gson.stream.JsonWriter: com.google.gson.stream.JsonWriter open(int,char)
com.google.gson.internal.LinkedTreeMap: LinkedTreeMap(boolean)
com.google.gson.internal.bind.ArrayTypeAdapter: void write(com.google.gson.stream.JsonWriter,java.lang.Object)
androidx.appcompat.app.AlertController$RecycleListView: AlertController$RecycleListView(android.content.Context,android.util.AttributeSet)