build/outputs/mapping/release/usage.txt
com.truva.AdbStatus
com.truva.AppDao:
    public abstract java.lang.Object deleteApp(com.truva.AppEntity,kotlin.coroutines.Continuation)
    public abstract java.lang.Object getActiveAppCount(kotlin.coroutines.Continuation)
    public abstract java.lang.Object getActiveApps(kotlin.coroutines.Continuation)
    public abstract kotlinx.coroutines.flow.Flow getActiveAppsFlow()
    public abstract java.lang.Object getAllApps(kotlin.coroutines.Continuation)
    public abstract kotlinx.coroutines.flow.Flow getRegionProfilesFlow()
    public abstract java.lang.Object getSelectedProxy(kotlin.coroutines.Continuation)
    public abstract java.lang.Object getSelectedRegionProfile(kotlin.coroutines.Continuation)
    public abstract java.lang.Object insertApp(com.truva.AppEntity,kotlin.coroutines.Continuation)
com.truva.AppDao_Impl$11
com.truva.AppDao_Impl$15
com.truva.AppDao_Impl$21
com.truva.AppDao_Impl$23
com.truva.AppDao_Impl$24
com.truva.AppDao_Impl$27
com.truva.AppDao_Impl$28
com.truva.AppDao_Impl$30
com.truva.AppDao_Impl$31
com.truva.AppDao_Impl:
    public java.lang.Object deleteApp(com.truva.AppEntity,kotlin.coroutines.Continuation)
    public java.lang.Object getActiveAppCount(kotlin.coroutines.Continuation)
    public java.lang.Object getActiveApps(kotlin.coroutines.Continuation)
    public kotlinx.coroutines.flow.Flow getActiveAppsFlow()
    public java.lang.Object getAllApps(kotlin.coroutines.Continuation)
    public kotlinx.coroutines.flow.Flow getRegionProfilesFlow()
    public java.lang.Object getSelectedProxy(kotlin.coroutines.Continuation)
    public java.lang.Object getSelectedRegionProfile(kotlin.coroutines.Continuation)
    public java.lang.Object insertApp(com.truva.AppEntity,kotlin.coroutines.Continuation)
com.truva.AppDatabase:
    public static final int $stable
com.truva.AppDatabase_Impl:
    public void clearAllTables()
com.truva.AppProtectionInfo:
    public static final int $stable
    public final java.lang.String component1()
    public final java.lang.String component2()
    public final int component3()
    public final boolean component4()
    public final com.truva.AppProtectionInfo copy(java.lang.String,java.lang.String,int,boolean)
    public static synthetic com.truva.AppProtectionInfo copy$default(com.truva.AppProtectionInfo,java.lang.String,java.lang.String,int,boolean,int,java.lang.Object)
com.truva.BatteryOptimizationHelper:
    public static final int $stable
com.truva.BuildConfig
com.truva.MainActivity$special$$inlined$viewModels$default$1
com.truva.MainKt$SectionHeader$1
com.truva.MainKt$SectionHeader$2
com.truva.MainKt:
    public static final void SectionHeader(java.lang.String,java.lang.String,boolean,kotlin.jvm.functions.Function0,androidx.compose.runtime.Composer,int)
com.truva.R$color
com.truva.R$drawable:
    private void <init>()
com.truva.R$mipmap
com.truva.R$xml
com.truva.R
com.truva.SessionManager:
    public static final int $stable
    public static final long SESSION_DURATION_MS
com.truva.SimProtectionDao:
    public abstract java.lang.Object deleteProtectedApp(com.truva.SimProtectionEntity,kotlin.coroutines.Continuation)
    public abstract java.lang.Object getProtectedApp(java.lang.String,int,kotlin.coroutines.Continuation)
com.truva.SimProtectionDao_Impl$4
com.truva.SimProtectionDao_Impl$6
com.truva.SimProtectionDao_Impl:
    public java.lang.Object deleteProtectedApp(com.truva.SimProtectionEntity,kotlin.coroutines.Continuation)
    public java.lang.Object getProtectedApp(java.lang.String,int,kotlin.coroutines.Continuation)
...
androidx.compose.material.icons.rounded.AlarmOffKt
androidx.compose.material.icons.rounded.AlarmOnKt
androidx.compose.material.icons.rounded.AlbumKt
androidx.compose.material.icons.rounded.AlignHorizontalCenterKt
androidx.compose.material.icons.rounded.AlignHorizontalLeftKt
androidx.compose.material.icons.rounded.AlignHorizontalRightKt
androidx.compose.material.icons.rounded.AlignVerticalBottomKt
androidx.compose.material.icons.rounded.AlignVerticalCenterKt
androidx.compose.material.icons.rounded.AlignVerticalTopKt
androidx.compose.material.icons.rounded.AllInboxKt
androidx.compose.material.icons.rounded.AllInclusiveKt
androidx.compose.material.icons.rounded.AllOutKt
androidx.compose.material.icons.rounded.AltRouteKt
androidx.compose.material.icons.rounded.AlternateEmailKt
androidx.compose.material.icons.rounded.AmpStoriesKt
androidx.compose.material.icons.rounded.AnalyticsKt
androidx.compose.material.icons.rounded.AnchorKt
androidx.compose.material.icons.rounded.AndroidKt
androidx.compose.material.icons.rounded.AnimationKt
androidx.compose.material.icons.rounded.AnnouncementKt
androidx.compose.material.icons.rounded.AodKt
androidx.compose.material.icons.rounded.ApartmentKt
androidx.compose.material.icons.rounded.ApiKt
androidx.compose.material.icons.rounded.AppBlockingKt
androidx.compose.material.icons.rounded.AppRegistrationKt
androidx.compose.material.icons.rounded.AppSettingsAltKt
androidx.compose.material.icons.rounded.AppShortcutKt
androidx.compose.material.icons.rounded.ApprovalKt
androidx.compose.material.icons.rounded.AppsKt
androidx.compose.material.icons.rounded.AppsOutageKt
androidx.compose.material.icons.rounded.ArchitectureKt
androidx.compose.material.icons.rounded.ArchiveKt
androidx.compose.material.icons.rounded.AreaChartKt
androidx.compose.material.icons.rounded.ArrowBackIosKt
androidx.compose.material.icons.rounded.ArrowBackIosNewKt
androidx.compose.material.icons.rounded.ArrowBackKt
androidx.compose.material.icons.rounded.ArrowCircleDownKt
androidx.compose.material.icons.rounded.ArrowCircleLeftKt
androidx.compose.material.icons.rounded.ArrowCircleRightKt
androidx.compose.material.icons.rounded.ArrowCircleUpKt
androidx.compose.material.icons.rounded.ArrowDownwardKt
androidx.compose.material.icons.rounded.ArrowDropDownCircleKt
androidx.compose.material.icons.rounded.ArrowDropDownKt
androidx.compose.material.icons.rounded.ArrowDropUpKt
androidx.compose.material.icons.rounded.ArrowForwardIosKt
androidx.compose.material.icons.rounded.ArrowForwardKt
androidx.compose.material.icons.rounded.ArrowLeftKt
androidx.compose.material.icons.rounded.ArrowOutwardKt
androidx.compose.material.icons.rounded.ArrowRightAltKt
androidx.compose.material.icons.rounded.ArrowRightKt
androidx.compose.material.icons.rounded.ArrowUpwardKt
androidx.compose.material.icons.rounded.ArtTrackKt
androidx.compose.material.icons.rounded.ArticleKt
androidx.compose.material.icons.rounded.AspectRatioKt
androidx.compose.material.icons.rounded.AssessmentKt
androidx.compose.material.icons.rounded.AssignmentIndKt
androidx.compose.material.icons.rounded.AssignmentKt
androidx.compose.material.icons.rounded.AssignmentLateKt
androidx.compose.material.icons.rounded.AssignmentReturnKt
androidx.compose.material.icons.rounded.AssignmentReturnedKt
androidx.compose.material.icons.rounded.AssignmentTurnedInKt
androidx.compose.material.icons.rounded.AssistWalkerKt
androidx.compose.material.icons.rounded.AssistantDirectionKt
androidx.compose.material.icons.rounded.AssistantKt
androidx.compose.material.icons.rounded.AssistantPhotoKt
androidx.compose.material.icons.rounded.AssuredWorkloadKt
androidx.compose.material.icons.rounded.AtmKt
androidx.compose.material.icons.rounded.AttachEmailKt
androidx.compose.material.icons.rounded.AttachFileKt
androidx.compose.material.icons.rounded.AttachMoneyKt
androidx.compose.material.icons.rounded.AttachmentKt
androidx.compose.material.icons.rounded.AttractionsKt
androidx.compose.material.icons.rounded.AttributionKt